2026-04-15 16:13:28,186 - OrderExecutor - INFO - Attempt 1 to place order. Dry-run: True
2026-04-15 16:13:28,190 - BinanceEngine - INFO - Sending request to /fapi/v1/order/test with payload: {'symbol': 'BTCUSDT', 'side': 'BUY', 'type': 'LIMIT', 'quantity': '0.05', 'timestamp': 1776249808187, 'price': '60000.0', 'timeInForce': 'GTC'}
2026-04-15 16:13:29,289 - OrderExecutor - ERROR - Network or API error: 401 Client Error: Unauthorized for url: https://testnet.binancefuture.com/fapi/v1/order/test
2026-04-15 16:13:29,290 - OrderExecutor - ERROR - API Error Message: API-key format invalid.
2026-04-15 16:13:29,290 - OrderExecutor - INFO - Retrying in 2 seconds...
2026-04-15 16:13:31,293 - OrderExecutor - INFO - Attempt 2 to place order. Dry-run: True
2026-04-15 16:13:31,293 - BinanceEngine - INFO - Sending request to /fapi/v1/order/test with payload: {'symbol': 'BTCUSDT', 'side': 'BUY', 'type': 'LIMIT', 'quantity': '0.05', 'timestamp': 1776249811293, 'price': '60000.0', 'timeInForce': 'GTC'}
2026-04-15 16:13:32,157 - OrderExecutor - ERROR - Network or API error: 401 Client Error: Unauthorized for url: https://testnet.binancefuture.com/fapi/v1/order/test
2026-04-15 16:13:32,157 - OrderExecutor - ERROR - API Error Message: API-key format invalid.
2026-04-15 16:13:32,158 - OrderExecutor - INFO - Retrying in 2 seconds...
2026-04-15 16:13:34,159 - OrderExecutor - INFO - Attempt 3 to place order. Dry-run: True
2026-04-15 16:13:34,159 - BinanceEngine - INFO - Sending request to /fapi/v1/order/test with payload: {'symbol': 'BTCUSDT', 'side': 'BUY', 'type': 'LIMIT', 'quantity': '0.05', 'timestamp': 1776249814159, 'price': '60000.0', 'timeInForce': 'GTC'}
2026-04-15 16:13:34,987 - OrderExecutor - ERROR - Network or API error: 401 Client Error: Unauthorized for url: https://testnet.binancefuture.com/fapi/v1/order/test
2026-04-15 16:13:34,987 - OrderExecutor - ERROR - API Error Message: API-key format invalid.
2026-04-15 16:13:34,988 - OrderExecutor - ERROR - Max retries reached. Failing.
2026-04-15 16:19:37,096 - OrderExecutor - INFO - Attempt 1 to place order. Dry-run: True
2026-04-15 16:19:37,102 - BinanceEngine - INFO - Sending request to /fapi/v1/order/test with payload: {'symbol': 'INR', 'side': 'BUY', 'type': 'MARKET', 'quantity': '2000.0', 'timestamp': 1776250177100}
2026-04-15 16:19:38,236 - OrderExecutor - ERROR - Network or API error: 401 Client Error: Unauthorized for url: https://testnet.binancefuture.com/fapi/v1/order/test
2026-04-15 16:19:38,237 - OrderExecutor - ERROR - API Error Message: API-key format invalid.
2026-04-15 16:19:38,237 - OrderExecutor - INFO - Retrying in 2 seconds...
2026-04-15 16:19:40,240 - OrderExecutor - INFO - Attempt 2 to place order. Dry-run: True
2026-04-15 16:19:40,240 - BinanceEngine - INFO - Sending request to /fapi/v1/order/test with payload: {'symbol': 'INR', 'side': 'BUY', 'type': 'MARKET', 'quantity': '2000.0', 'timestamp': 1776250180240}
2026-04-15 16:19:40,822 - OrderExecutor - ERROR - Network or API error: 401 Client Error: Unauthorized for url: https://testnet.binancefuture.com/fapi/v1/order/test
2026-04-15 16:19:40,822 - OrderExecutor - ERROR - API Error Message: API-key format invalid.
2026-04-15 16:19:40,822 - OrderExecutor - INFO - Retrying in 2 seconds...
2026-04-15 16:19:42,824 - OrderExecutor - INFO - Attempt 3 to place order. Dry-run: True
2026-04-15 16:19:42,825 - BinanceEngine - INFO - Sending request to /fapi/v1/order/test with payload: {'symbol': 'INR', 'side': 'BUY', 'type': 'MARKET', 'quantity': '2000.0', 'timestamp': 1776250182825}
2026-04-15 16:19:43,651 - OrderExecutor - ERROR - Network or API error: 401 Client Error: Unauthorized for url: https://testnet.binancefuture.com/fapi/v1/order/test
2026-04-15 16:19:43,652 - OrderExecutor - ERROR - API Error Message: API-key format invalid.
2026-04-15 16:19:43,652 - OrderExecutor - ERROR - Max retries reached. Failing.
2026-04-15 16:20:51,603 - OrderExecutor - INFO - Attempt 1 to place order. Dry-run: True
2026-04-15 16:20:51,603 - BinanceEngine - INFO - Sending request to /fapi/v1/order/test with payload: {'symbol': 'INR', 'side': 'BUY', 'type': 'LIMIT', 'quantity': '2000.0', 'timestamp': 1776250251603, 'price': '100000.0', 'timeInForce': 'GTC'}
2026-04-15 16:20:52,308 - OrderExecutor - ERROR - Network or API error: 401 Client Error: Unauthorized for url: https://testnet.binancefuture.com/fapi/v1/order/test
2026-04-15 16:20:52,309 - OrderExecutor - ERROR - API Error Message: API-key format invalid.
2026-04-15 16:20:52,309 - OrderExecutor - INFO - Retrying in 2 seconds...
2026-04-15 16:20:54,311 - OrderExecutor - INFO - Attempt 2 to place order. Dry-run: True
2026-04-15 16:20:54,311 - BinanceEngine - INFO - Sending request to /fapi/v1/order/test with payload: {'symbol': 'INR', 'side': 'BUY', 'type': 'LIMIT', 'quantity': '2000.0', 'timestamp': 1776250254311, 'price': '100000.0', 'timeInForce': 'GTC'}
2026-04-15 16:20:54,920 - OrderExecutor - ERROR - Network or API error: 401 Client Error: Unauthorized for url: https://testnet.binancefuture.com/fapi/v1/order/test
2026-04-15 16:20:54,921 - OrderExecutor - ERROR - API Error Message: API-key format invalid.
2026-04-15 16:20:54,921 - OrderExecutor - INFO - Retrying in 2 seconds...
2026-04-15 16:20:56,923 - OrderExecutor - INFO - Attempt 3 to place order. Dry-run: True
2026-04-15 16:20:56,923 - BinanceEngine - INFO - Sending request to /fapi/v1/order/test with payload: {'symbol': 'INR', 'side': 'BUY', 'type': 'LIMIT', 'quantity': '2000.0', 'timestamp': 1776250256923, 'price': '100000.0', 'timeInForce': 'GTC'}
2026-04-15 16:20:57,530 - OrderExecutor - ERROR - Network or API error: 401 Client Error: Unauthorized for url: https://testnet.binancefuture.com/fapi/v1/order/test
2026-04-15 16:20:57,530 - OrderExecutor - ERROR - API Error Message: API-key format invalid.
2026-04-15 16:20:57,530 - OrderExecutor - ERROR - Max retries reached. Failing.
2026-04-15 16:37:15,700 - OrderExecutor - INFO - Attempt 1 to place order. Dry-run: True
2026-04-15 16:37:15,709 - BinanceEngine - INFO - Sending request to /fapi/v1/order/test with payload: {'symbol': 'INR', 'side': 'BUY', 'type': 'LIMIT', 'quantity': '1000.0', 'timestamp': 1776251235708, 'price': '10.0', 'timeInForce': 'GTC'}
2026-04-15 16:37:16,565 - OrderExecutor - ERROR - Network or API error: 401 Client Error: Unauthorized for url: https://testnet.binancefuture.com/fapi/v1/order/test
2026-04-15 16:37:16,566 - OrderExecutor - ERROR - API Error Message: API-key format invalid.
2026-04-15 16:37:16,566 - OrderExecutor - INFO - Retrying in 2 seconds...
2026-04-15 16:37:18,570 - OrderExecutor - INFO - Attempt 2 to place order. Dry-run: True
2026-04-15 16:37:18,571 - BinanceEngine - INFO - Sending request to /fapi/v1/order/test with payload: {'symbol': 'INR', 'side': 'BUY', 'type': 'LIMIT', 'quantity': '1000.0', 'timestamp': 1776251238571, 'price': '10.0', 'timeInForce': 'GTC'}
2026-04-15 16:37:19,391 - OrderExecutor - ERROR - Network or API error: 401 Client Error: Unauthorized for url: https://testnet.binancefuture.com/fapi/v1/order/test
2026-04-15 16:37:19,391 - OrderExecutor - ERROR - API Error Message: API-key format invalid.
2026-04-15 16:37:19,393 - OrderExecutor - INFO - Retrying in 2 seconds...
2026-04-15 16:37:21,397 - OrderExecutor - INFO - Attempt 3 to place order. Dry-run: True
2026-04-15 16:37:21,397 - BinanceEngine - INFO - Sending request to /fapi/v1/order/test with payload: {'symbol': 'INR', 'side': 'BUY', 'type': 'LIMIT', 'quantity': '1000.0', 'timestamp': 1776251241397, 'price': '10.0', 'timeInForce': 'GTC'}
2026-04-15 16:37:22,140 - OrderExecutor - ERROR - Network or API error: 401 Client Error: Unauthorized for url: https://testnet.binancefuture.com/fapi/v1/order/test
2026-04-15 16:37:22,141 - OrderExecutor - ERROR - API Error Message: API-key format invalid.
2026-04-15 16:37:22,141 - OrderExecutor - ERROR - Max retries reached. Failing.
